<?xml version="1.0" encoding="UTF-8"?>
<testng-results ignored="0" total="1" passed="1" failed="0" skipped="0">
  <reporter-output>
  </reporter-output>
  <suite started-at="2023-10-22T22:45:58 EET" name="Default suite" finished-at="2023-10-22T22:46:02 EET" duration-ms="4469">
    <groups>
    </groups>
    <test started-at="2023-10-22T22:45:58 EET" name="Default test" finished-at="2023-10-22T22:46:02 EET" duration-ms="4469">
      <class name="mytestlap">
        <test-method is-config="true" signature="mySetup()[pri:0, instance:mytestlap@7a527389]" started-at="2023-10-22T22:45:58 EET" name="mySetup" finished-at="2023-10-22T22:46:02 EET" duration-ms="3924" status="PASS">
          <reporter-output>
          </reporter-output>
        </test-method> <!-- mySetup -->
        <test-method signature="myTest()[pri:0, instance:mytestlap@7a527389]" started-at="2023-10-22T22:46:02 EET" name="myTest" finished-at="2023-10-22T22:46:02 EET" duration-ms="494" status="PASS">
          <reporter-output>
          </reporter-output>
        </test-method> <!-- myTest -->
        <test-method is-config="true" signature="myPostTesting()[pri:0, instance:mytestlap@7a527389]" started-at="2023-10-22T22:46:02 EET" name="myPostTesting" finished-at="2023-10-22T22:46:02 EET" duration-ms="0" status="PASS">
          <reporter-output>
          </reporter-output>
        </test-method> <!-- myPostTesting -->
      </class> <!-- mytestlap -->
    </test> <!-- Default test -->
  </suite> <!-- Default suite -->
</testng-results>
